# JRE version: OpenJDK Runtime Environment Temurin-17.0.7+7 (17.0.7+7) (build 17.0.7+7)
# Java VM: OpenJDK 64-Bit Server VM Temurin-17.0.7+7 (17.0.7+7, mixed mode, sharing, tiered, compressed oops, compressed class ptrs, g1 gc, windows-amd64)
GC Precious Log:
 CPUs: 20 total, 20 available
 Memory: 16068M
 Large Page Support: Disabled
 NUMA Support: Disabled
 Compressed Oops: Enabled (Zero based)
 Heap Region Size: 2M
 Heap Min Capacity: 512M
 Heap Initial Capacity: 512M
 Heap Max Capacity: 4072M
 Pre-touch: Disabled
 Parallel Workers: 15
 Concurrent Workers: 4
 Concurrent Refinement Workers: 15
 Periodic GC: Disabled
 String Deduplication is enabled
Heap:
 garbage-first heap   total 524288K, used 129867K [0x0000000701800000, 0x0000000800000000)
  region size 2048K, 10 young (20480K), 1 survivors (2048K)
 Metaspace       used 89370K, committed 90112K, reserved 1179648K
  class space    used 11913K, committed 12288K, reserved 1048576K
GC Heap History (20 events):
Event: 1440.117 GC heap before
{Heap before GC invocations=384 (full 209):
 garbage-first heap   total 524288K, used 114082K [0x0000000701800000, 0x0000000800000000)
  region size 2048K, 3 young (6144K), 1 survivors (2048K)
 Metaspace       used 89245K, committed 89984K, reserved 1179648K
  class space    used 11913K, committed 12288K, reserved 1048576K
}
Event: 1440.161 GC heap after
{Heap after GC invocations=385 (full 210):
 garbage-first heap   total 524288K, used 111920K [0x0000000701800000, 0x0000000800000000)
  region size 2048K, 0 young (0K), 0 survivors (0K)
 Metaspace       used 89245K, committed 89984K, reserved 1179648K
  class space    used 11913K, committed 12288K, reserved 1048576K
}
Event: 1440.197 GC heap before
{Heap before GC invocations=385 (full 210):
 garbage-first heap   total 524288K, used 113968K [0x0000000701800000, 0x0000000800000000)
  region size 2048K, 2 young (4096K), 0 survivors (0K)
 Metaspace       used 89246K, committed 89984K, reserved 1179648K
  class space    used 11913K, committed 12288K, reserved 1048576K
}
Event: 1440.243 GC heap after
{Heap after GC invocations=386 (full 211):
 garbage-first heap   total 524288K, used 111914K [0x0000000701800000, 0x0000000800000000)
  region size 2048K, 0 young (0K), 0 survivors (0K)
 Metaspace       used 89246K, committed 89984K, reserved 1179648K
  class space    used 11913K, committed 12288K, reserved 1048576K
}
Event: 1454.039 GC heap before
{Heap before GC invocations=386 (full 211):
 garbage-first heap   total 524288K, used 193834K [0x0000000701800000, 0x0000000800000000)
  region size 2048K, 40 young (81920K), 0 survivors (0K)
 Metaspace       used 89307K, committed 90048K, reserved 1179648K
  class space    used 11913K, committed 12288K, reserved 1048576K
}
Event: 1454.042 GC heap after
{Heap after GC invocations=387 (full 211):
 garbage-first heap   total 524288K, used 112267K [0x0000000701800000, 0x0000000800000000)
  region size 2048K, 1 young (2048K), 1 survivors (2048K)
 Metaspace       used 89307K, committed 90048K, reserved 1179648K
  class space    used 11913K, committed 12288K, reserved 1048576K
}
Event: 1474.531 GC heap before
{Heap before GC invocations=387 (full 211):
 garbage-first heap   total 524288K, used 192139K [0x0000000701800000, 0x0000000800000000)
  region size 2048K, 40 young (81920K), 1 survivors (2048K)
 Metaspace       used 89311K, committed 90048K, reserved 1179648K
  class space    used 11913K, committed 12288K, reserved 1048576K
}
Event: 1474.533 GC heap after
{Heap after GC invocations=388 (full 211):
 garbage-first heap   total 524288K, used 112385K [0x0000000701800000, 0x0000000800000000)
  region size 2048K, 1 young (2048K), 1 survivors (2048K)
 Metaspace       used 89311K, committed 90048K, reserved 1179648K
  class space    used 11913K, committed 12288K, reserved 1048576K
}
Event: 1475.701 GC heap before
{Heap before GC invocations=388 (full 211):
 garbage-first heap   total 524288K, used 192257K [0x0000000701800000, 0x0000000800000000)
  region size 2048K, 40 young (81920K), 1 survivors (2048K)
 Metaspace       used 89315K, committed 90048K, reserved 1179648K
  class space    used 11913K, committed 12288K, reserved 1048576K
}
Event: 1475.703 GC heap after
{Heap after GC invocations=389 (full 211):
 garbage-first heap   total 524288K, used 112924K [0x0000000701800000, 0x0000000800000000)
  region size 2048K, 1 young (2048K), 1 survivors (2048K)
 Metaspace       used 89315K, committed 90048K, reserved 1179648K
  class space    used 11913K, committed 12288K, reserved 1048576K
}
Event: 1486.415 GC heap before
{Heap before GC invocations=389 (full 211):
 garbage-first heap   total 524288K, used 192796K [0x0000000701800000, 0x0000000800000000)
  region size 2048K, 40 young (81920K), 1 survivors (2048K)
 Metaspace       used 89328K, committed 90048K, reserved 1179648K
  class space    used 11913K, committed 12288K, reserved 1048576K
}
Event: 1486.418 GC heap after
{Heap after GC invocations=390 (full 211):
 garbage-first heap   total 524288K, used 112832K [0x0000000701800000, 0x0000000800000000)
  region size 2048K, 1 young (2048K), 1 survivors (2048K)
 Metaspace       used 89328K, committed 90048K, reserved 1179648K
  class space    used 11913K, committed 12288K, reserved 1048576K
}
Event: 1486.760 GC heap before
{Heap before GC invocations=390 (full 211):
 garbage-first heap   total 524288K, used 192704K [0x0000000701800000, 0x0000000800000000)
  region size 2048K, 40 young (81920K), 1 survivors (2048K)
 Metaspace       used 89328K, committed 90048K, reserved 1179648K
  class space    used 11913K, committed 12288K, reserved 1048576K
}
Event: 1486.762 GC heap after
{Heap after GC invocations=391 (full 211):
 garbage-first heap   total 524288K, used 112783K [0x0000000701800000, 0x0000000800000000)
  region size 2048K, 1 young (2048K), 1 survivors (2048K)
 Metaspace       used 89328K, committed 90048K, reserved 1179648K
  class space    used 11913K, committed 12288K, reserved 1048576K
}
Event: 1493.712 GC heap before
{Heap before GC invocations=391 (full 211):
 garbage-first heap   total 524288K, used 192655K [0x0000000701800000, 0x0000000800000000)
  region size 2048K, 40 young (81920K), 1 survivors (2048K)
 Metaspace       used 89354K, committed 90112K, reserved 1179648K
  class space    used 11913K, committed 12288K, reserved 1048576K
}
Event: 1493.715 GC heap after
{Heap after GC invocations=392 (full 211):
 garbage-first heap   total 524288K, used 113854K [0x0000000701800000, 0x0000000800000000)
  region size 2048K, 1 young (2048K), 1 survivors (2048K)
 Metaspace       used 89354K, committed 90112K, reserved 1179648K
  class space    used 11913K, committed 12288K, reserved 1048576K
}
Event: 1494.114 GC heap before
{Heap before GC invocations=392 (full 211):
 garbage-first heap   total 524288K, used 193726K [0x0000000701800000, 0x0000000800000000)
  region size 2048K, 40 young (81920K), 1 survivors (2048K)
 Metaspace       used 89354K, committed 90112K, reserved 1179648K
  class space    used 11913K, committed 12288K, reserved 1048576K
}
Event: 1494.116 GC heap after
{Heap after GC invocations=393 (full 211):
 garbage-first heap   total 524288K, used 113485K [0x0000000701800000, 0x0000000800000000)
  region size 2048K, 1 young (2048K), 1 survivors (2048K)
 Metaspace       used 89354K, committed 90112K, reserved 1179648K
  class space    used 11913K, committed 12288K, reserved 1048576K
}
Event: 1495.744 GC heap before
{Heap before GC invocations=393 (full 211):
 garbage-first heap   total 524288K, used 193357K [0x0000000701800000, 0x0000000800000000)
  region size 2048K, 40 young (81920K), 1 survivors (2048K)
 Metaspace       used 89356K, committed 90112K, reserved 1179648K
  class space    used 11913K, committed 12288K, reserved 1048576K
}
Event: 1495.746 GC heap after
{Heap after GC invocations=394 (full 211):
 garbage-first heap   total 524288K, used 113483K [0x0000000701800000, 0x0000000800000000)
  region size 2048K, 1 young (2048K), 1 survivors (2048K)
 Metaspace       used 89356K, committed 90112K, reserved 1179648K
  class space    used 11913K, committed 12288K, reserved 1048576K
}

