# JRE version: OpenJDK Runtime Environment Temurin-17.0.7+7 (17.0.7+7) (build 17.0.7+7)
# Java VM: OpenJDK 64-Bit Server VM Temurin-17.0.7+7 (17.0.7+7, mixed mode, sharing, tiered, compressed oops, compressed class ptrs, g1 gc, windows-amd64)
GC Precious Log:
 CPUs: 20 total, 20 available
 Memory: 16068M
 Large Page Support: Disabled
 NUMA Support: Disabled
 Compressed Oops: Enabled (Zero based)
 Heap Region Size: 2M
 Heap Min Capacity: 512M
 Heap Initial Capacity: 512M
 Heap Max Capacity: 4072M
 Pre-touch: Disabled
 Parallel Workers: 15
 Concurrent Workers: 4
 Concurrent Refinement Workers: 15
 Periodic GC: Disabled
 String Deduplication is enabled
Heap:
 garbage-first heap   total 524288K, used 118773K [0x0000000701800000, 0x0000000800000000)
  region size 2048K, 11 young (22528K), 1 survivors (2048K)
 Metaspace       used 86527K, committed 87232K, reserved 1179648K
  class space    used 11801K, committed 12160K, reserved 1048576K
GC Heap History (20 events):
Event: 1057.155 GC heap before
{Heap before GC invocations=54 (full 8):
 garbage-first heap   total 524288K, used 174250K [0x0000000701800000, 0x0000000800000000)
  region size 2048K, 40 young (81920K), 2 survivors (4096K)
 Metaspace       used 85674K, committed 86400K, reserved 1179648K
  class space    used 11713K, committed 12032K, reserved 1048576K
}
Event: 1057.160 GC heap after
{Heap after GC invocations=55 (full 8):
 garbage-first heap   total 524288K, used 100366K [0x0000000701800000, 0x0000000800000000)
  region size 2048K, 4 young (8192K), 4 survivors (8192K)
 Metaspace       used 85674K, committed 86400K, reserved 1179648K
  class space    used 11713K, committed 12032K, reserved 1048576K
}
Event: 1057.385 GC heap before
{Heap before GC invocations=55 (full 8):
 garbage-first heap   total 524288K, used 118798K [0x0000000701800000, 0x0000000800000000)
  region size 2048K, 15 young (30720K), 4 survivors (8192K)
 Metaspace       used 85707K, committed 86400K, reserved 1179648K
  class space    used 11713K, committed 12032K, reserved 1048576K
}
Event: 1057.439 GC heap after
{Heap after GC invocations=56 (full 9):
 garbage-first heap   total 524288K, used 95275K [0x0000000701800000, 0x0000000800000000)
  region size 2048K, 0 young (0K), 0 survivors (0K)
 Metaspace       used 85707K, committed 86400K, reserved 1179648K
  class space    used 11713K, committed 12032K, reserved 1048576K
}
Event: 1061.383 GC heap before
{Heap before GC invocations=56 (full 9):
 garbage-first heap   total 524288K, used 169003K [0x0000000701800000, 0x0000000800000000)
  region size 2048K, 33 young (67584K), 0 survivors (0K)
 Metaspace       used 85778K, committed 86464K, reserved 1179648K
  class space    used 11713K, committed 12032K, reserved 1048576K
}
Event: 1061.446 GC heap after
{Heap after GC invocations=57 (full 10):
 garbage-first heap   total 524288K, used 98580K [0x0000000701800000, 0x0000000800000000)
  region size 2048K, 0 young (0K), 0 survivors (0K)
 Metaspace       used 85778K, committed 86464K, reserved 1179648K
  class space    used 11713K, committed 12032K, reserved 1048576K
}
Event: 1067.447 GC heap before
{Heap before GC invocations=57 (full 10):
 garbage-first heap   total 524288K, used 110868K [0x0000000701800000, 0x0000000800000000)
  region size 2048K, 7 young (14336K), 0 survivors (0K)
 Metaspace       used 85818K, committed 86464K, reserved 1179648K
  class space    used 11713K, committed 12032K, reserved 1048576K
}
Event: 1067.502 GC heap after
{Heap after GC invocations=58 (full 11):
 garbage-first heap   total 524288K, used 98435K [0x0000000701800000, 0x0000000800000000)
  region size 2048K, 0 young (0K), 0 survivors (0K)
 Metaspace       used 85818K, committed 86464K, reserved 1179648K
  class space    used 11713K, committed 12032K, reserved 1048576K
}
Event: 1081.049 GC heap before
{Heap before GC invocations=58 (full 11):
 garbage-first heap   total 524288K, used 123011K [0x0000000701800000, 0x0000000800000000)
  region size 2048K, 12 young (24576K), 0 survivors (0K)
 Metaspace       used 85834K, committed 86528K, reserved 1179648K
  class space    used 11714K, committed 12032K, reserved 1048576K
}
Event: 1081.127 GC heap after
{Heap after GC invocations=59 (full 12):
 garbage-first heap   total 524288K, used 96668K [0x0000000701800000, 0x0000000800000000)
  region size 2048K, 0 young (0K), 0 survivors (0K)
 Metaspace       used 85834K, committed 86528K, reserved 1179648K
  class space    used 11714K, committed 12032K, reserved 1048576K
}
Event: 1083.666 GC heap before
{Heap before GC invocations=59 (full 12):
 garbage-first heap   total 524288K, used 125340K [0x0000000701800000, 0x0000000800000000)
  region size 2048K, 12 young (24576K), 0 survivors (0K)
 Metaspace       used 85844K, committed 86528K, reserved 1179648K
  class space    used 11714K, committed 12032K, reserved 1048576K
}
Event: 1083.718 GC heap after
{Heap after GC invocations=60 (full 13):
 garbage-first heap   total 524288K, used 96722K [0x0000000701800000, 0x0000000800000000)
  region size 2048K, 0 young (0K), 0 survivors (0K)
 Metaspace       used 85844K, committed 86528K, reserved 1179648K
  class space    used 11714K, committed 12032K, reserved 1048576K
}
Event: 1086.747 GC heap before
{Heap before GC invocations=60 (full 13):
 garbage-first heap   total 524288K, used 119250K [0x0000000701800000, 0x0000000800000000)
  region size 2048K, 10 young (20480K), 0 survivors (0K)
 Metaspace       used 85877K, committed 86528K, reserved 1179648K
  class space    used 11715K, committed 12032K, reserved 1048576K
}
Event: 1086.808 GC heap after
{Heap after GC invocations=61 (full 14):
 garbage-first heap   total 524288K, used 94455K [0x0000000701800000, 0x0000000800000000)
  region size 2048K, 0 young (0K), 0 survivors (0K)
 Metaspace       used 85877K, committed 86528K, reserved 1179648K
  class space    used 11715K, committed 12032K, reserved 1048576K
}
Event: 1091.645 GC heap before
{Heap before GC invocations=61 (full 14):
 garbage-first heap   total 524288K, used 127223K [0x0000000701800000, 0x0000000800000000)
  region size 2048K, 16 young (32768K), 0 survivors (0K)
 Metaspace       used 86113K, committed 86784K, reserved 1179648K
  class space    used 11772K, committed 12096K, reserved 1048576K
}
Event: 1091.706 GC heap after
{Heap after GC invocations=62 (full 15):
 garbage-first heap   total 524288K, used 96879K [0x0000000701800000, 0x0000000800000000)
  region size 2048K, 0 young (0K), 0 survivors (0K)
 Metaspace       used 86113K, committed 86784K, reserved 1179648K
  class space    used 11772K, committed 12096K, reserved 1048576K
}
Event: 1135.656 GC heap before
{Heap before GC invocations=62 (full 15):
 garbage-first heap   total 524288K, used 180847K [0x0000000701800000, 0x0000000800000000)
  region size 2048K, 40 young (81920K), 0 survivors (0K)
 Metaspace       used 86149K, committed 86848K, reserved 1179648K
  class space    used 11772K, committed 12096K, reserved 1048576K
}
Event: 1135.661 GC heap after
{Heap after GC invocations=63 (full 15):
 garbage-first heap   total 524288K, used 100494K [0x0000000701800000, 0x0000000800000000)
  region size 2048K, 1 young (2048K), 1 survivors (2048K)
 Metaspace       used 86149K, committed 86848K, reserved 1179648K
  class space    used 11772K, committed 12096K, reserved 1048576K
}
Event: 1157.064 GC heap before
{Heap before GC invocations=63 (full 15):
 garbage-first heap   total 524288K, used 180366K [0x0000000701800000, 0x0000000800000000)
  region size 2048K, 40 young (81920K), 1 survivors (2048K)
 Metaspace       used 86526K, committed 87232K, reserved 1179648K
  class space    used 11801K, committed 12160K, reserved 1048576K
}
Event: 1157.068 GC heap after
{Heap after GC invocations=64 (full 15):
 garbage-first heap   total 524288K, used 100341K [0x0000000701800000, 0x0000000800000000)
  region size 2048K, 1 young (2048K), 1 survivors (2048K)
 Metaspace       used 86526K, committed 87232K, reserved 1179648K
  class space    used 11801K, committed 12160K, reserved 1048576K
}

